<?xml version="1.0" encoding="UTF-8"?>
<!-- Generated by org.testng.reporters.JUnitXMLReporter -->
<testsuite ignored="1" hostname="SEZLP599" failures="0" tests="4" name="Test" time="73.164" errors="0" timestamp="2022-08-14T22:33:21 IST">
  <testcase classname="main.ExecutionClass" name="TS_AOC_001" time="6.843"/>
  <testcase classname="main.ExecutionClass" name="TS_AOC_002" time="15.296"/>
  <testcase classname="main.ExecutionClass" name="TS_AOC_003" time="18.894"/>
  <testcase classname="main.ExecutionClass" name="TS_AOC_004" time="22.44"/>
  <testcase classname="main.ExecutionClass" name="TS_AOC_005" time="0.0">
    <ignored/>
  </testcase> <!-- TS_AOC_005 -->
</testsuite> <!-- Test -->
